2024-10-21 14:04:26 -  - exec CUpdateClientPartner::SearchModulesEx
2024-10-21 14:04:26 -  - exec CUpdateClientPartner::__CollectRequestData
2024-10-21 14:04:26 -  - utf=Y&lang=ru&stable=Y&CANGZIP=Y&SUPD_DBS=MYSQL&XE=N&CLIENT_SITE=localhost&LICENSE_KEY=X&SUPD_STS=1&SUPD_URS=0&TYPENC=D&CLIENT_PHPVER=8.3.12&NGINX=Y&dbv=8.0.40&instm=main%2C24.0.796%2CY%3Bb24connector%2C24.0.0%2CN%3Bbitrix.sitecorporate%2C24.0.0%2CN%3Bbitrixcloud%2C24.0.0%2CN%3Bclouds%2C24.100.0%2CN%3Bfileman%2C24.100.0%2CN%3Bhighloadblock%2C24.0.201%2CN%3Biblock%2C24.0.200%2CN%3Blanding%2C24.400.300%2CN%3Blocation%2C24.100.0%2CN%3Bmessageservice%2C24.500.0%2CN%3Bperfmon%2C24.0.0%2CN%3Brest%2C24.500.0%2CN%3Bsearch%2C24.0.0%2CN%3Bsecurity%2C24.0.0%2CN%3Bseo%2C24.300.0%2CN%3Bsocialservices%2C24.0.200%2CN%3Btranslate%2C24.0.0%2CN%3Bui%2C24.300.0%2CN&search_module_id=&search_module=&search_category=7%2C14&search_type=&search_order=DESC&search_order_by=SORT&search_page=1&SUPD_SRS=RU&SUPD_CMP=N
2024-10-21 14:04:26 -  - exec CUpdateClientPartner::GetHTTPPage
2024-10-21 14:04:27 -  - TIME SearchModulesEx(request) 0.892 sec
2024-10-21 14:04:27 -  - exec CUpdateClientPartner::ParseServerData
2024-10-21 14:04:34 -  - exec CUpdateClientPartner::LoadModulesUpdates
2024-10-21 14:04:34 -  - exec CUpdateClientPartner::__CollectRequestData
2024-10-21 14:04:34 -  - utf=Y&lang=ru&stable=Y&CANGZIP=Y&SUPD_DBS=MYSQL&XE=N&CLIENT_SITE=localhost&LICENSE_KEY=X&SUPD_STS=1&SUPD_URS=0&TYPENC=D&CLIENT_PHPVER=8.3.12&NGINX=Y&dbv=8.0.40&instm=main%2C24.0.796%2CY%3Bb24connector%2C24.0.0%2CN%3Bbitrix.sitecorporate%2C24.0.0%2CN%3Bbitrixcloud%2C24.0.0%2CN%3Bclouds%2C24.100.0%2CN%3Bfileman%2C24.100.0%2CN%3Bhighloadblock%2C24.0.201%2CN%3Biblock%2C24.0.200%2CN%3Blanding%2C24.400.300%2CN%3Blocation%2C24.100.0%2CN%3Bmessageservice%2C24.500.0%2CN%3Bperfmon%2C24.0.0%2CN%3Brest%2C24.500.0%2CN%3Bsearch%2C24.0.0%2CN%3Bsecurity%2C24.0.0%2CN%3Bseo%2C24.300.0%2CN%3Bsocialservices%2C24.0.200%2CN%3Btranslate%2C24.0.0%2CN%3Bui%2C24.300.0%2CN&reqm=nsandrey.emptyinstall&lim=Y&SUPD_SRS=RU&SUPD_CMP=N
2024-10-21 14:04:34 -  - exec CUpdateClientPartner::GetHTTPPage
2024-10-21 14:04:35 -  - TIME LoadModulesUpdates(request) 0.289 sec
2024-10-21 14:04:35 -  - exec CUpdateClientPartner::ParseServerData
2024-10-21 14:04:35 - S - STEP
2024-10-21 14:04:35 - LM4W01 - loadModule4Wizard-Step
2024-10-21 14:04:35 -  - exec CUpdateClientPartner::LoadModulesUpdates
2024-10-21 14:04:35 -  - exec CUpdateClientPartner::ParseServerData
2024-10-21 14:04:35 -  - loadFile
2024-10-21 14:04:35 - U - RETURN
2024-10-21 14:04:35 -  - exec CUpdateClientPartner::UnGzipArchive
2024-10-21 14:04:35 -  - TIME UnGzipArchive 0.009 sec
2024-10-21 14:04:35 -  - TIME UpdateStepModules 0.039 sec
2024-10-21 14:04:36 -  - exec CUpdateClientPartner::LoadModulesUpdates
2024-10-21 14:04:36 -  - exec CUpdateClientPartner::__CollectRequestData
2024-10-21 14:04:36 -  - utf=Y&lang=ru&stable=Y&CANGZIP=Y&SUPD_DBS=MYSQL&XE=N&CLIENT_SITE=localhost&LICENSE_KEY=X&SUPD_STS=1&SUPD_URS=0&TYPENC=D&CLIENT_PHPVER=8.3.12&NGINX=Y&dbv=8.0.40&instm=main%2C24.0.796%2CY%3Bb24connector%2C24.0.0%2CN%3Bbitrix.sitecorporate%2C24.0.0%2CN%3Bbitrixcloud%2C24.0.0%2CN%3Bclouds%2C24.100.0%2CN%3Bfileman%2C24.100.0%2CN%3Bhighloadblock%2C24.0.201%2CN%3Biblock%2C24.0.200%2CN%3Blanding%2C24.400.300%2CN%3Blocation%2C24.100.0%2CN%3Bmessageservice%2C24.500.0%2CN%3Bperfmon%2C24.0.0%2CN%3Brest%2C24.500.0%2CN%3Bsearch%2C24.0.0%2CN%3Bsecurity%2C24.0.0%2CN%3Bseo%2C24.300.0%2CN%3Bsocialservices%2C24.0.200%2CN%3Btranslate%2C24.0.0%2CN%3Bui%2C24.300.0%2CN%3Bnsandrey.emptyinstall%2C1.0.5%2CN&reqm=nsandrey.emptyinstall&lim=Y&SUPD_SRS=RU&SUPD_CMP=N
2024-10-21 14:04:36 -  - exec CUpdateClientPartner::GetHTTPPage
2024-10-21 14:04:36 -  - TIME LoadModulesUpdates(request) 0.274 sec
2024-10-21 14:04:36 -  - exec CUpdateClientPartner::ParseServerData
2024-10-21 14:04:36 - STEP - Finish - NOUPDATES
2024-10-21 14:04:36 - LM4W03 - Finish - NOUPDATES
2024-10-21 14:05:59 -  - exec CUpdateClientPartner::__CollectRequestData
2024-10-21 14:05:59 -  - exec CUpdateClientPartner::GetHTTPPage
2024-10-21 14:06:00 -  - exec CUpdateClientPartner::ParseServerData
2024-10-21 14:06:00 -  - exec CUpdateClientPartner::GetUpdatesList
2024-10-21 14:06:00 -  - exec CUpdateClientPartner::__CollectRequestData
2024-10-21 14:06:00 -  - utf=Y&lang=ru&stable=Y&CANGZIP=Y&SUPD_DBS=MYSQL&XE=N&CLIENT_SITE=localhost&LICENSE_KEY=X&SUPD_STS=1&SUPD_URS=0&TYPENC=D&CLIENT_PHPVER=8.3.12&NGINX=Y&dbv=8.0.40&instm=main%2C24.0.796%2CY%3Bb24connector%2C24.0.0%2CN%3Bbitrix.sitecorporate%2C24.0.0%2CN%3Bbitrixcloud%2C24.0.0%2CN%3Bclouds%2C24.100.0%2CN%3Bfileman%2C24.100.0%2CN%3Bhighloadblock%2C24.0.201%2CN%3Biblock%2C24.0.200%2CN%3Blanding%2C24.400.300%2CN%3Blocation%2C24.100.0%2CN%3Bmessageservice%2C24.500.0%2CN%3Bperfmon%2C24.0.0%2CN%3Brest%2C24.500.0%2CN%3Bsearch%2C24.0.0%2CN%3Bsecurity%2C24.0.0%2CN%3Bseo%2C24.300.0%2CN%3Bsocialservices%2C24.0.200%2CN%3Btranslate%2C24.0.0%2CN%3Bui%2C24.300.0%2CN%3Bnsandrey.emptyinstall%2C1.0.5%2CN&reqm=bitrix.sitecorporate%2Cnsandrey.emptyinstall&fullmoduleinfo=Y&SUPD_SRS=RU&SUPD_CMP=N
2024-10-21 14:06:00 -  - exec CUpdateClientPartner::GetHTTPPage
2024-10-21 14:06:00 -  - TIME GetUpdatesList(request) 0.302 sec
2024-10-21 14:06:00 -  - exec CUpdateClientPartner::ParseServerData
2024-10-21 14:06:00 -  - exec CUpdateClientPartner::__CollectRequestData
2024-10-21 14:06:00 -  - exec CUpdateClientPartner::GetHTTPPage
2024-10-21 14:06:00 -  - exec CUpdateClientPartner::ParseServerData
2024-10-22 14:24:07 -  - exec CUpdateClientPartner::__CollectRequestData
2024-10-22 14:24:07 -  - exec CUpdateClientPartner::GetHTTPPage
2024-10-22 14:24:08 -  - exec CUpdateClientPartner::ParseServerData
2024-10-22 14:24:08 -  - exec CUpdateClientPartner::GetUpdatesList
2024-10-22 14:24:08 -  - exec CUpdateClientPartner::__CollectRequestData
2024-10-22 14:24:08 -  - utf=Y&lang=ru&stable=Y&CANGZIP=Y&SUPD_DBS=MYSQL&XE=N&CLIENT_SITE=localhost&LICENSE_KEY=X&SUPD_STS=1&SUPD_URS=0&TYPENC=D&CLIENT_PHPVER=8.3.12&NGINX=Y&dbv=8.0.40&instm=main%2C24.0.796%2CY%3Bb24connector%2C24.0.0%2CN%3Bbitrix.sitecorporate%2C24.0.0%2CN%3Bbitrixcloud%2C24.0.0%2CN%3Bclouds%2C24.100.0%2CN%3Bfileman%2C24.100.0%2CN%3Bhighloadblock%2C24.0.201%2CN%3Biblock%2C24.0.200%2CN%3Blanding%2C24.400.300%2CN%3Blocation%2C24.100.0%2CN%3Bmessageservice%2C24.500.0%2CN%3Bperfmon%2C24.0.0%2CN%3Brest%2C24.500.0%2CN%3Bsearch%2C24.0.0%2CN%3Bsecurity%2C24.0.0%2CN%3Bseo%2C24.300.0%2CN%3Bsocialservices%2C24.0.200%2CN%3Btranslate%2C24.0.0%2CN%3Bui%2C24.300.0%2CN%3Bnsandrey.emptyinstall%2C1.0.5%2CN&reqm=bitrix.sitecorporate%2Cnsandrey.emptyinstall&fullmoduleinfo=Y&SUPD_SRS=RU&SUPD_CMP=N
2024-10-22 14:24:08 -  - exec CUpdateClientPartner::GetHTTPPage
2024-10-22 14:24:08 -  - TIME GetUpdatesList(request) 0.288 sec
2024-10-22 14:24:08 -  - exec CUpdateClientPartner::ParseServerData
2024-10-22 14:24:08 -  - exec CUpdateClientPartner::__CollectRequestData
2024-10-22 14:24:08 -  - exec CUpdateClientPartner::GetHTTPPage
2024-10-22 14:24:08 -  - exec CUpdateClientPartner::ParseServerData
2024-10-23 14:25:05 -  - exec CUpdateClientPartner::__CollectRequestData
2024-10-23 14:25:05 -  - exec CUpdateClientPartner::GetHTTPPage
2024-10-23 14:25:06 -  - exec CUpdateClientPartner::ParseServerData
2024-10-23 14:25:06 -  - exec CUpdateClientPartner::GetUpdatesList
2024-10-23 14:25:06 -  - exec CUpdateClientPartner::__CollectRequestData
2024-10-23 14:25:06 -  - utf=Y&lang=ru&stable=Y&CANGZIP=Y&SUPD_DBS=MYSQL&XE=N&CLIENT_SITE=localhost&LICENSE_KEY=X&SUPD_STS=1&SUPD_URS=0&TYPENC=D&CLIENT_PHPVER=8.3.12&NGINX=Y&dbv=8.0.40&instm=main%2C24.0.796%2CY%3Bb24connector%2C24.0.0%2CN%3Bbitrix.sitecorporate%2C24.0.0%2CN%3Bbitrixcloud%2C24.0.0%2CN%3Bclouds%2C24.100.0%2CN%3Bfileman%2C24.100.0%2CN%3Bhighloadblock%2C24.0.201%2CN%3Biblock%2C24.0.200%2CN%3Blanding%2C24.400.300%2CN%3Blocation%2C24.100.0%2CN%3Bmessageservice%2C24.500.0%2CN%3Bperfmon%2C24.0.0%2CN%3Brest%2C24.500.0%2CN%3Bsearch%2C24.0.0%2CN%3Bsecurity%2C24.0.0%2CN%3Bseo%2C24.300.0%2CN%3Bsocialservices%2C24.0.200%2CN%3Btranslate%2C24.0.0%2CN%3Bui%2C24.300.0%2CN%3Bnsandrey.emptyinstall%2C1.0.5%2CN&reqm=bitrix.sitecorporate%2Cnsandrey.emptyinstall&fullmoduleinfo=Y&SUPD_SRS=RU&SUPD_CMP=N
2024-10-23 14:25:06 -  - exec CUpdateClientPartner::GetHTTPPage
2024-10-23 14:25:07 -  - TIME GetUpdatesList(request) 0.357 sec
2024-10-23 14:25:07 -  - exec CUpdateClientPartner::ParseServerData
2024-10-23 14:25:07 -  - exec CUpdateClientPartner::__CollectRequestData
2024-10-23 14:25:07 -  - exec CUpdateClientPartner::GetHTTPPage
2024-10-23 14:25:07 -  - exec CUpdateClientPartner::ParseServerData
